# JRE version: Java(TM) SE Runtime Environment (15.0+36) (build 15+36-1562)
# Java VM: Java HotSpot(TM) 64-Bit Server VM (15+36-1562, mixed mode, sharing, tiered, compressed oops, g1 gc, windows-amd64)
GC Precious Log:
 CPUs: 4 total, 4 available
 Memory: 3823M
 Large Page Support: Disabled
 NUMA Support: Disabled
 Compressed Oops: Enabled (32-bit)
 Heap Region Size: 1M
 Heap Min Capacity: 8M
 Heap Initial Capacity: 60M
 Heap Max Capacity: 956M
 Pre-touch: Disabled
 Parallel Workers: 4
 Concurrent Workers: 1
 Concurrent Refinement Workers: 4
 Periodic GC: Disabled
Heap:
 garbage-first heap   total 110592K, used 8550K [0x00000000c4400000, 0x0000000100000000)
  region size 1024K, 1 young (1024K), 1 survivors (1024K)
 Metaspace       used 10740K, capacity 10928K, committed 11136K, reserved 1058816K
  class space    used 1298K, capacity 1389K, committed 1408K, reserved 1048576K
GC Heap History (20 events):
Event: 8.299 GC heap after
{Heap after GC invocations=21 (full 0):
 garbage-first heap   total 61440K, used 8534K [0x00000000c4400000, 0x0000000100000000)
  region size 1024K, 1 young (1024K), 1 survivors (1024K)
 Metaspace       used 10740K, capacity 10928K, committed 11136K, reserved 1058816K
  class space    used 1298K, capacity 1389K, committed 1408K, reserved 1048576K
}
Event: 8.321 GC heap before
{Heap before GC invocations=21 (full 0):
 garbage-first heap   total 61440K, used 44374K [0x00000000c4400000, 0x0000000100000000)
  region size 1024K, 36 young (36864K), 1 survivors (1024K)
 Metaspace       used 10740K, capacity 10928K, committed 11136K, reserved 1058816K
  class space    used 1298K, capacity 1389K, committed 1408K, reserved 1048576K
}
Event: 8.322 GC heap after
{Heap after GC invocations=22 (full 0):
 garbage-first heap   total 61440K, used 8536K [0x00000000c4400000, 0x0000000100000000)
  region size 1024K, 1 young (1024K), 1 survivors (1024K)
 Metaspace       used 10740K, capacity 10928K, committed 11136K, reserved 1058816K
  class space    used 1298K, capacity 1389K, committed 1408K, reserved 1048576K
}
Event: 8.341 GC heap before
{Heap before GC invocations=22 (full 0):
 garbage-first heap   total 61440K, used 44376K [0x00000000c4400000, 0x0000000100000000)
  region size 1024K, 36 young (36864K), 1 survivors (1024K)
 Metaspace       used 10740K, capacity 10928K, committed 11136K, reserved 1058816K
  class space    used 1298K, capacity 1389K, committed 1408K, reserved 1048576K
}
Event: 8.342 GC heap after
{Heap after GC invocations=23 (full 0):
 garbage-first heap   total 61440K, used 8538K [0x00000000c4400000, 0x0000000100000000)
  region size 1024K, 1 young (1024K), 1 survivors (1024K)
 Metaspace       used 10740K, capacity 10928K, committed 11136K, reserved 1058816K
  class space    used 1298K, capacity 1389K, committed 1408K, reserved 1048576K
}
Event: 8.358 GC heap before
{Heap before GC invocations=23 (full 0):
 garbage-first heap   total 61440K, used 44378K [0x00000000c4400000, 0x0000000100000000)
  region size 1024K, 36 young (36864K), 1 survivors (1024K)
 Metaspace       used 10740K, capacity 10928K, committed 11136K, reserved 1058816K
  class space    used 1298K, capacity 1389K, committed 1408K, reserved 1048576K
}
Event: 8.359 GC heap after
{Heap after GC invocations=24 (full 0):
 garbage-first heap   total 61440K, used 8534K [0x00000000c4400000, 0x0000000100000000)
  region size 1024K, 1 young (1024K), 1 survivors (1024K)
 Metaspace       used 10740K, capacity 10928K, committed 11136K, reserved 1058816K
  class space    used 1298K, capacity 1389K, committed 1408K, reserved 1048576K
}
Event: 8.376 GC heap before
{Heap before GC invocations=24 (full 0):
 garbage-first heap   total 61440K, used 44374K [0x00000000c4400000, 0x0000000100000000)
  region size 1024K, 36 young (36864K), 1 survivors (1024K)
 Metaspace       used 10740K, capacity 10928K, committed 11136K, reserved 1058816K
  class space    used 1298K, capacity 1389K, committed 1408K, reserved 1048576K
}
Event: 8.377 GC heap after
{Heap after GC invocations=25 (full 0):
 garbage-first heap   total 61440K, used 8534K [0x00000000c4400000, 0x0000000100000000)
  region size 1024K, 1 young (1024K), 1 survivors (1024K)
 Metaspace       used 10740K, capacity 10928K, committed 11136K, reserved 1058816K
  class space    used 1298K, capacity 1389K, committed 1408K, reserved 1048576K
}
Event: 8.393 GC heap before
{Heap before GC invocations=25 (full 0):
 garbage-first heap   total 61440K, used 44374K [0x00000000c4400000, 0x0000000100000000)
  region size 1024K, 36 young (36864K), 1 survivors (1024K)
 Metaspace       used 10740K, capacity 10928K, committed 11136K, reserved 1058816K
  class space    used 1298K, capacity 1389K, committed 1408K, reserved 1048576K
}
Event: 8.394 GC heap after
{Heap after GC invocations=26 (full 0):
 garbage-first heap   total 61440K, used 8539K [0x00000000c4400000, 0x0000000100000000)
  region size 1024K, 1 young (1024K), 1 survivors (1024K)
 Metaspace       used 10740K, capacity 10928K, committed 11136K, reserved 1058816K
  class space    used 1298K, capacity 1389K, committed 1408K, reserved 1048576K
}
Event: 8.409 GC heap before
{Heap before GC invocations=26 (full 0):
 garbage-first heap   total 61440K, used 44379K [0x00000000c4400000, 0x0000000100000000)
  region size 1024K, 36 young (36864K), 1 survivors (1024K)
 Metaspace       used 10740K, capacity 10928K, committed 11136K, reserved 1058816K
  class space    used 1298K, capacity 1389K, committed 1408K, reserved 1048576K
}
Event: 8.410 GC heap after
{Heap after GC invocations=27 (full 0):
 garbage-first heap   total 81920K, used 8543K [0x00000000c4400000, 0x0000000100000000)
  region size 1024K, 1 young (1024K), 1 survivors (1024K)
 Metaspace       used 10740K, capacity 10928K, committed 11136K, reserved 1058816K
  class space    used 1298K, capacity 1389K, committed 1408K, reserved 1048576K
}
Event: 8.444 GC heap before
{Heap before GC invocations=27 (full 0):
 garbage-first heap   total 81920K, used 56671K [0x00000000c4400000, 0x0000000100000000)
  region size 1024K, 48 young (49152K), 1 survivors (1024K)
 Metaspace       used 10740K, capacity 10928K, committed 11136K, reserved 1058816K
  class space    used 1298K, capacity 1389K, committed 1408K, reserved 1048576K
}
Event: 8.445 GC heap after
{Heap after GC invocations=28 (full 0):
 garbage-first heap   total 81920K, used 8546K [0x00000000c4400000, 0x0000000100000000)
  region size 1024K, 1 young (1024K), 1 survivors (1024K)
 Metaspace       used 10740K, capacity 10928K, committed 11136K, reserved 1058816K
  class space    used 1298K, capacity 1389K, committed 1408K, reserved 1048576K
}
Event: 8.466 GC heap before
{Heap before GC invocations=28 (full 0):
 garbage-first heap   total 81920K, used 56674K [0x00000000c4400000, 0x0000000100000000)
  region size 1024K, 48 young (49152K), 1 survivors (1024K)
 Metaspace       used 10740K, capacity 10928K, committed 11136K, reserved 1058816K
  class space    used 1298K, capacity 1389K, committed 1408K, reserved 1048576K
}
Event: 8.467 GC heap after
{Heap after GC invocations=29 (full 0):
 garbage-first heap   total 81920K, used 8550K [0x00000000c4400000, 0x0000000100000000)
  region size 1024K, 1 young (1024K), 1 survivors (1024K)
 Metaspace       used 10740K, capacity 10928K, committed 11136K, reserved 1058816K
  class space    used 1298K, capacity 1389K, committed 1408K, reserved 1048576K
}
Event: 8.487 GC heap before
{Heap before GC invocations=29 (full 0):
 garbage-first heap   total 81920K, used 56678K [0x00000000c4400000, 0x0000000100000000)
  region size 1024K, 48 young (49152K), 1 survivors (1024K)
 Metaspace       used 10740K, capacity 10928K, committed 11136K, reserved 1058816K
  class space    used 1298K, capacity 1389K, committed 1408K, reserved 1048576K
}
Event: 8.488 GC heap after
{Heap after GC invocations=30 (full 0):
 garbage-first heap   total 81920K, used 8552K [0x00000000c4400000, 0x0000000100000000)
  region size 1024K, 1 young (1024K), 1 survivors (1024K)
 Metaspace       used 10740K, capacity 10928K, committed 11136K, reserved 1058816K
  class space    used 1298K, capacity 1389K, committed 1408K, reserved 1048576K
}
Event: 8.509 GC heap before
{Heap before GC invocations=30 (full 0):
 garbage-first heap   total 81920K, used 56680K [0x00000000c4400000, 0x0000000100000000)
  region size 1024K, 48 young (49152K), 1 survivors (1024K)
 Metaspace       used 10740K, capacity 10928K, committed 11136K, reserved 1058816K
  class space    used 1298K, capacity 1389K, committed 1408K, reserved 1048576K
}

