# JRE version: Java(TM) SE Runtime Environment (15.0+36) (build 15+36-1562)
# Java VM: Java HotSpot(TM) 64-Bit Server VM (15+36-1562, mixed mode, sharing, tiered, compressed oops, g1 gc, windows-amd64)
GC Precious Log:
 CPUs: 4 total, 4 available
 Memory: 3823M
 Large Page Support: Disabled
 NUMA Support: Disabled
 Compressed Oops: Enabled (32-bit)
 Heap Region Size: 1M
 Heap Min Capacity: 8M
 Heap Initial Capacity: 60M
 Heap Max Capacity: 956M
 Pre-touch: Disabled
 Parallel Workers: 4
 Concurrent Workers: 1
 Concurrent Refinement Workers: 4
 Periodic GC: Disabled
Heap:
 garbage-first heap   total 102400K, used 8525K [0x00000000c4400000, 0x0000000100000000)
  region size 1024K, 1 young (1024K), 1 survivors (1024K)
 Metaspace       used 10720K, capacity 10928K, committed 11136K, reserved 1058816K
  class space    used 1303K, capacity 1389K, committed 1408K, reserved 1048576K
GC Heap History (20 events):
Event: 7.780 GC heap after
{Heap after GC invocations=21 (full 0):
 garbage-first heap   total 61440K, used 8521K [0x00000000c4400000, 0x0000000100000000)
  region size 1024K, 1 young (1024K), 1 survivors (1024K)
 Metaspace       used 10720K, capacity 10928K, committed 11136K, reserved 1058816K
  class space    used 1303K, capacity 1389K, committed 1408K, reserved 1048576K
}
Event: 7.808 GC heap before
{Heap before GC invocations=21 (full 0):
 garbage-first heap   total 61440K, used 44361K [0x00000000c4400000, 0x0000000100000000)
  region size 1024K, 36 young (36864K), 1 survivors (1024K)
 Metaspace       used 10720K, capacity 10928K, committed 11136K, reserved 1058816K
  class space    used 1303K, capacity 1389K, committed 1408K, reserved 1048576K
}
Event: 7.808 GC heap after
{Heap after GC invocations=22 (full 0):
 garbage-first heap   total 61440K, used 8521K [0x00000000c4400000, 0x0000000100000000)
  region size 1024K, 1 young (1024K), 1 survivors (1024K)
 Metaspace       used 10720K, capacity 10928K, committed 11136K, reserved 1058816K
  class space    used 1303K, capacity 1389K, committed 1408K, reserved 1048576K
}
Event: 7.826 GC heap before
{Heap before GC invocations=22 (full 0):
 garbage-first heap   total 61440K, used 44361K [0x00000000c4400000, 0x0000000100000000)
  region size 1024K, 36 young (36864K), 1 survivors (1024K)
 Metaspace       used 10720K, capacity 10928K, committed 11136K, reserved 1058816K
  class space    used 1303K, capacity 1389K, committed 1408K, reserved 1048576K
}
Event: 7.827 GC heap after
{Heap after GC invocations=23 (full 0):
 garbage-first heap   total 61440K, used 8523K [0x00000000c4400000, 0x0000000100000000)
  region size 1024K, 1 young (1024K), 1 survivors (1024K)
 Metaspace       used 10720K, capacity 10928K, committed 11136K, reserved 1058816K
  class space    used 1303K, capacity 1389K, committed 1408K, reserved 1048576K
}
Event: 7.854 GC heap before
{Heap before GC invocations=23 (full 0):
 garbage-first heap   total 61440K, used 44363K [0x00000000c4400000, 0x0000000100000000)
  region size 1024K, 36 young (36864K), 1 survivors (1024K)
 Metaspace       used 10720K, capacity 10928K, committed 11136K, reserved 1058816K
  class space    used 1303K, capacity 1389K, committed 1408K, reserved 1048576K
}
Event: 7.855 GC heap after
{Heap after GC invocations=24 (full 0):
 garbage-first heap   total 61440K, used 8521K [0x00000000c4400000, 0x0000000100000000)
  region size 1024K, 1 young (1024K), 1 survivors (1024K)
 Metaspace       used 10720K, capacity 10928K, committed 11136K, reserved 1058816K
  class space    used 1303K, capacity 1389K, committed 1408K, reserved 1048576K
}
Event: 7.881 GC heap before
{Heap before GC invocations=24 (full 0):
 garbage-first heap   total 61440K, used 44361K [0x00000000c4400000, 0x0000000100000000)
  region size 1024K, 36 young (36864K), 1 survivors (1024K)
 Metaspace       used 10720K, capacity 10928K, committed 11136K, reserved 1058816K
  class space    used 1303K, capacity 1389K, committed 1408K, reserved 1048576K
}
Event: 7.882 GC heap after
{Heap after GC invocations=25 (full 0):
 garbage-first heap   total 61440K, used 8523K [0x00000000c4400000, 0x0000000100000000)
  region size 1024K, 1 young (1024K), 1 survivors (1024K)
 Metaspace       used 10720K, capacity 10928K, committed 11136K, reserved 1058816K
  class space    used 1303K, capacity 1389K, committed 1408K, reserved 1048576K
}
Event: 7.900 GC heap before
{Heap before GC invocations=25 (full 0):
 garbage-first heap   total 61440K, used 44363K [0x00000000c4400000, 0x0000000100000000)
  region size 1024K, 36 young (36864K), 1 survivors (1024K)
 Metaspace       used 10720K, capacity 10928K, committed 11136K, reserved 1058816K
  class space    used 1303K, capacity 1389K, committed 1408K, reserved 1048576K
}
Event: 7.901 GC heap after
{Heap after GC invocations=26 (full 0):
 garbage-first heap   total 61440K, used 8521K [0x00000000c4400000, 0x0000000100000000)
  region size 1024K, 1 young (1024K), 1 survivors (1024K)
 Metaspace       used 10720K, capacity 10928K, committed 11136K, reserved 1058816K
  class space    used 1303K, capacity 1389K, committed 1408K, reserved 1048576K
}
Event: 7.924 GC heap before
{Heap before GC invocations=26 (full 0):
 garbage-first heap   total 61440K, used 44361K [0x00000000c4400000, 0x0000000100000000)
  region size 1024K, 36 young (36864K), 1 survivors (1024K)
 Metaspace       used 10720K, capacity 10928K, committed 11136K, reserved 1058816K
  class space    used 1303K, capacity 1389K, committed 1408K, reserved 1048576K
}
Event: 7.925 GC heap after
{Heap after GC invocations=27 (full 0):
 garbage-first heap   total 82944K, used 8523K [0x00000000c4400000, 0x0000000100000000)
  region size 1024K, 1 young (1024K), 1 survivors (1024K)
 Metaspace       used 10720K, capacity 10928K, committed 11136K, reserved 1058816K
  class space    used 1303K, capacity 1389K, committed 1408K, reserved 1048576K
}
Event: 7.968 GC heap before
{Heap before GC invocations=27 (full 0):
 garbage-first heap   total 82944K, used 56651K [0x00000000c4400000, 0x0000000100000000)
  region size 1024K, 48 young (49152K), 1 survivors (1024K)
 Metaspace       used 10720K, capacity 10928K, committed 11136K, reserved 1058816K
  class space    used 1303K, capacity 1389K, committed 1408K, reserved 1048576K
}
Event: 7.968 GC heap after
{Heap after GC invocations=28 (full 0):
 garbage-first heap   total 82944K, used 8525K [0x00000000c4400000, 0x0000000100000000)
  region size 1024K, 1 young (1024K), 1 survivors (1024K)
 Metaspace       used 10720K, capacity 10928K, committed 11136K, reserved 1058816K
  class space    used 1303K, capacity 1389K, committed 1408K, reserved 1048576K
}
Event: 8.009 GC heap before
{Heap before GC invocations=28 (full 0):
 garbage-first heap   total 82944K, used 56653K [0x00000000c4400000, 0x0000000100000000)
  region size 1024K, 48 young (49152K), 1 survivors (1024K)
 Metaspace       used 10720K, capacity 10928K, committed 11136K, reserved 1058816K
  class space    used 1303K, capacity 1389K, committed 1408K, reserved 1048576K
}
Event: 8.009 GC heap after
{Heap after GC invocations=29 (full 0):
 garbage-first heap   total 82944K, used 8525K [0x00000000c4400000, 0x0000000100000000)
  region size 1024K, 1 young (1024K), 1 survivors (1024K)
 Metaspace       used 10720K, capacity 10928K, committed 11136K, reserved 1058816K
  class space    used 1303K, capacity 1389K, committed 1408K, reserved 1048576K
}
Event: 8.034 GC heap before
{Heap before GC invocations=29 (full 0):
 garbage-first heap   total 82944K, used 56653K [0x00000000c4400000, 0x0000000100000000)
  region size 1024K, 48 young (49152K), 1 survivors (1024K)
 Metaspace       used 10720K, capacity 10928K, committed 11136K, reserved 1058816K
  class space    used 1303K, capacity 1389K, committed 1408K, reserved 1048576K
}
Event: 8.034 GC heap after
{Heap after GC invocations=30 (full 0):
 garbage-first heap   total 82944K, used 8525K [0x00000000c4400000, 0x0000000100000000)
  region size 1024K, 1 young (1024K), 1 survivors (1024K)
 Metaspace       used 10720K, capacity 10928K, committed 11136K, reserved 1058816K
  class space    used 1303K, capacity 1389K, committed 1408K, reserved 1048576K
}
Event: 8.059 GC heap before
{Heap before GC invocations=30 (full 0):
 garbage-first heap   total 82944K, used 56653K [0x00000000c4400000, 0x0000000100000000)
  region size 1024K, 48 young (49152K), 1 survivors (1024K)
 Metaspace       used 10720K, capacity 10928K, committed 11136K, reserved 1058816K
  class space    used 1303K, capacity 1389K, committed 1408K, reserved 1048576K
}

